<?xml version="1.0" encoding="UTF-8"?>
<testsuite name="user of the Utest." tests="1" skipped="0" failures="1" errors="0" timestamp="2022-01-11T01:55:56" hostname="DESKTOP-0T1GVF9" time="37.713">
  <properties/>
  <testcase name="user created successfully" classname="user of the Utest." time="37.713">
    <failure message="net.thucydides.core.webdriver.exceptions.ElementShouldBeEnabledException: Expected enabled element was not enabled" type="net.thucydides.core.webdriver.exceptions.ElementShouldBeEnabledException">net.thucydides.core.webdriver.exceptions.ElementShouldBeEnabledException: Expected enabled element was not enabled
	at net.serenitybdd.core.pages.WebElementFacadeImpl.waitUntilEnabled(WebElementFacadeImpl.java:1149)
	at net.serenitybdd.core.pages.WebElementFacadeImpl.waitUntilElementAvailable(WebElementFacadeImpl.java:954)
	at net.serenitybdd.core.pages.WebElementFacadeImpl.click(WebElementFacadeImpl.java:1229)
	at net.serenitybdd.screenplay.actions.ClickOnTarget.performAs(ClickOnTarget.java:13)
	at net.serenitybdd.screenplay.actions.ClickOnTarget$ByteBuddy$TvMhMy9F.performAs$accessor$QRAmfyA4(Unknown Source)
	at java.base/jdk.internal.reflect.NativeMethodAccessorImpl.invoke0(Native Method)
	at java.base/jdk.internal.reflect.NativeMethodAccessorImpl.invoke(NativeMethodAccessorImpl.java:62)
	at java.base/jdk.internal.reflect.DelegatingMethodAccessorImpl.invoke(DelegatingMethodAccessorImpl.java:43)
	at java.base/java.lang.reflect.Method.invoke(Method.java:566)
	at net.thucydides.core.steps.StepInterceptor.invokeMethod(StepInterceptor.java:471)
	at net.thucydides.core.steps.StepInterceptor.executeTestStepMethod(StepInterceptor.java:451)
	at net.thucydides.core.steps.StepInterceptor.runTestStep(StepInterceptor.java:424)
	at net.thucydides.core.steps.StepInterceptor.runOrSkipMethod(StepInterceptor.java:180)
	at net.thucydides.core.steps.StepInterceptor.testStepResult(StepInterceptor.java:167)
	at net.thucydides.core.steps.StepInterceptor.intercept(StepInterceptor.java:75)
	at net.serenitybdd.screenplay.actions.ClickOnTarget$ByteBuddy$TvMhMy9F.performAs(Unknown Source)
	at net.serenitybdd.screenplay.Actor.performTask(Actor.java:233)
	at net.serenitybdd.screenplay.Actor.perform(Actor.java:214)
	at net.serenitybdd.screenplay.Actor.attemptsTo(Actor.java:171)
	at co.com.choucair.certification.proyectobase.tasks.Register.performAs(Register.java:43)
	at co.com.choucair.certification.proyectobase.tasks.Register$ByteBuddy$QDTY5Rn2.performAs$accessor$5X1rrUAv(Unknown Source)
	at java.base/jdk.internal.reflect.NativeMethodAccessorImpl.invoke0(Native Method)
	at java.base/jdk.internal.reflect.NativeMethodAccessorImpl.invoke(NativeMethodAccessorImpl.java:62)
	at java.base/jdk.internal.reflect.DelegatingMethodAccessorImpl.invoke(DelegatingMethodAccessorImpl.java:43)
	at java.base/java.lang.reflect.Method.invoke(Method.java:566)
	at net.thucydides.core.steps.StepInterceptor.invokeMethod(StepInterceptor.java:471)
	at net.thucydides.core.steps.StepInterceptor.executeTestStepMethod(StepInterceptor.java:451)
	at net.thucydides.core.steps.StepInterceptor.runTestStep(StepInterceptor.java:424)
	at net.thucydides.core.steps.StepInterceptor.runOrSkipMethod(StepInterceptor.java:180)
	at net.thucydides.core.steps.StepInterceptor.testStepResult(StepInterceptor.java:167)
	at net.thucydides.core.steps.StepInterceptor.intercept(StepInterceptor.java:75)
	at co.com.choucair.certification.proyectobase.tasks.Register$ByteBuddy$QDTY5Rn2.performAs(Unknown Source)
	at net.serenitybdd.screenplay.Actor.performTask(Actor.java:233)
	at net.serenitybdd.screenplay.Actor.perform(Actor.java:214)
	at net.serenitybdd.screenplay.Actor.attemptsTo(Actor.java:171)
	at co.com.choucair.certification.proyectobase.stepdefinitions.UtestStepdefinitions.userCreatesAnAutomatizacionAccountByFillingInAllTheFormData(UtestStepdefinitions.java:33)
	at ✽.user creates an account by filling in all the form data(src/test/resources/features/utest.feature:10)
Caused by: org.openqa.selenium.TimeoutException: Expected condition failed: waiting for By.id: city to be enabled (tried for 5 second(s) with 100 milliseconds interval)
	at org.openqa.selenium.support.ui.FluentWait.timeoutException(FluentWait.java:304)
	at org.openqa.selenium.support.ui.FluentWait.until(FluentWait.java:272)
	at net.serenitybdd.core.pages.WebElementFacadeImpl.waitUntilEnabled(WebElementFacadeImpl.java:1146)
	at net.serenitybdd.core.pages.WebElementFacadeImpl.waitUntilElementAvailable(WebElementFacadeImpl.java:954)
	at net.serenitybdd.core.pages.WebElementFacadeImpl.click(WebElementFacadeImpl.java:1229)
	at net.serenitybdd.screenplay.actions.ClickOnTarget.performAs(ClickOnTarget.java:13)
	at net.serenitybdd.screenplay.actions.ClickOnTarget$ByteBuddy$TvMhMy9F.performAs$accessor$QRAmfyA4(Unknown Source)
	at java.base/jdk.internal.reflect.NativeMethodAccessorImpl.invoke0(Native Method)
	at java.base/jdk.internal.reflect.NativeMethodAccessorImpl.invoke(NativeMethodAccessorImpl.java:62)
	at java.base/jdk.internal.reflect.DelegatingMethodAccessorImpl.invoke(DelegatingMethodAccessorImpl.java:43)
	at java.base/java.lang.reflect.Method.invoke(Method.java:566)
	at net.thucydides.core.steps.StepInterceptor.invokeMethod(StepInterceptor.java:471)
	at net.thucydides.core.steps.StepInterceptor.executeTestStepMethod(StepInterceptor.java:451)
	at net.thucydides.core.steps.StepInterceptor.runTestStep(StepInterceptor.java:424)
	at net.thucydides.core.steps.StepInterceptor.runOrSkipMethod(StepInterceptor.java:180)
	at net.thucydides.core.steps.StepInterceptor.testStepResult(StepInterceptor.java:167)
	at net.thucydides.core.steps.StepInterceptor.intercept(StepInterceptor.java:75)
	at net.serenitybdd.screenplay.actions.ClickOnTarget$ByteBuddy$TvMhMy9F.performAs(Unknown Source)
	at net.serenitybdd.screenplay.Actor.performTask(Actor.java:233)
	at net.serenitybdd.screenplay.Actor.perform(Actor.java:214)
	at net.serenitybdd.screenplay.Actor.attemptsTo(Actor.java:171)
	at co.com.choucair.certification.proyectobase.tasks.Register.performAs(Register.java:43)
	at co.com.choucair.certification.proyectobase.tasks.Register$ByteBuddy$QDTY5Rn2.performAs$accessor$5X1rrUAv(Unknown Source)
	at java.base/jdk.internal.reflect.NativeMethodAccessorImpl.invoke0(Native Method)
	at java.base/jdk.internal.reflect.NativeMethodAccessorImpl.invoke(NativeMethodAccessorImpl.java:62)
	at java.base/jdk.internal.reflect.DelegatingMethodAccessorImpl.invoke(DelegatingMethodAccessorImpl.java:43)
	at java.base/java.lang.reflect.Method.invoke(Method.java:566)
	at net.thucydides.core.steps.StepInterceptor.invokeMethod(StepInterceptor.java:471)
	at net.thucydides.core.steps.StepInterceptor.executeTestStepMethod(StepInterceptor.java:451)
	at net.thucydides.core.steps.StepInterceptor.runTestStep(StepInterceptor.java:424)
	at net.thucydides.core.steps.StepInterceptor.runOrSkipMethod(StepInterceptor.java:180)
	at net.thucydides.core.steps.StepInterceptor.testStepResult(StepInterceptor.java:167)
	at net.thucydides.core.steps.StepInterceptor.intercept(StepInterceptor.java:75)
	at co.com.choucair.certification.proyectobase.tasks.Register$ByteBuddy$QDTY5Rn2.performAs(Unknown Source)
	at net.serenitybdd.screenplay.Actor.performTask(Actor.java:233)
	at net.serenitybdd.screenplay.Actor.perform(Actor.java:214)
	at net.serenitybdd.screenplay.Actor.attemptsTo(Actor.java:171)
	at co.com.choucair.certification.proyectobase.stepdefinitions.UtestStepdefinitions.userCreatesAnAutomatizacionAccountByFillingInAllTheFormData(UtestStepdefinitions.java:33)
	at java.base/jdk.internal.reflect.NativeMethodAccessorImpl.invoke0(Native Method)
	at java.base/jdk.internal.reflect.NativeMethodAccessorImpl.invoke(NativeMethodAccessorImpl.java:62)
	at java.base/jdk.internal.reflect.DelegatingMethodAccessorImpl.invoke(DelegatingMethodAccessorImpl.java:43)
	at java.base/java.lang.reflect.Method.invoke(Method.java:566)
	at cucumber.runtime.Utils$1.call(Utils.java:31)
	at cucumber.runtime.Timeout.timeout(Timeout.java:16)
	at cucumber.runtime.Utils.invoke(Utils.java:25)
	at cucumber.runtime.java.JavaStepDefinition.execute(JavaStepDefinition.java:37)
	at cucumber.runtime.StepDefinitionMatch.runStep(StepDefinitionMatch.java:40)
	at cucumber.api.TestStep.executeStep(TestStep.java:102)
	at cucumber.api.TestStep.run(TestStep.java:83)
	at cucumber.api.TestCase.run(TestCase.java:58)
	at cucumber.runner.Runner.runPickle(Runner.java:80)
	at cucumber.runtime.junit.PickleRunners$NoStepDescriptions.run(PickleRunners.java:140)
	at cucumber.runtime.junit.FeatureRunner.runChild(FeatureRunner.java:68)
	at cucumber.runtime.junit.FeatureRunner.runChild(FeatureRunner.java:23)
	at org.junit.runners.ParentRunner$3.run(ParentRunner.java:290)
	at org.junit.runners.ParentRunner$1.schedule(ParentRunner.java:71)
	at org.junit.runners.ParentRunner.runChildren(ParentRunner.java:288)
	at org.junit.runners.ParentRunner.access$000(ParentRunner.java:58)
	at org.junit.runners.ParentRunner$2.evaluate(ParentRunner.java:268)
	at org.junit.runners.ParentRunner.run(ParentRunner.java:363)
	at cucumber.runtime.junit.FeatureRunner.run(FeatureRunner.java:73)
	at cucumber.api.junit.Cucumber.runChild(Cucumber.java:118)
	at cucumber.api.junit.Cucumber.runChild(Cucumber.java:56)
	at org.junit.runners.ParentRunner$3.run(ParentRunner.java:290)
	at org.junit.runners.ParentRunner$1.schedule(ParentRunner.java:71)
	at org.junit.runners.ParentRunner.runChildren(ParentRunner.java:288)
	at org.junit.runners.ParentRunner.access$000(ParentRunner.java:58)
	at org.junit.runners.ParentRunner$2.evaluate(ParentRunner.java:268)
	at cucumber.api.junit.Cucumber$1.evaluate(Cucumber.java:127)
	at org.junit.runners.ParentRunner.run(ParentRunner.java:363)
	at org.gradle.api.internal.tasks.testing.junit.JUnitTestClassExecutor.runTestClass(JUnitTestClassExecutor.java:110)
	at org.gradle.api.internal.tasks.testing.junit.JUnitTestClassExecutor.execute(JUnitTestClassExecutor.java:58)
	at org.gradle.api.internal.tasks.testing.junit.JUnitTestClassExecutor.execute(JUnitTestClassExecutor.java:38)
	at org.gradle.api.internal.tasks.testing.junit.AbstractJUnitTestClassProcessor.processTestClass(AbstractJUnitTestClassProcessor.java:62)
	at org.gradle.api.internal.tasks.testing.SuiteTestClassProcessor.processTestClass(SuiteTestClassProcessor.java:51)
	at java.base/jdk.internal.reflect.NativeMethodAccessorImpl.invoke0(Native Method)
	at java.base/jdk.internal.reflect.NativeMethodAccessorImpl.invoke(NativeMethodAccessorImpl.java:62)
	at java.base/jdk.internal.reflect.DelegatingMethodAccessorImpl.invoke(DelegatingMethodAccessorImpl.java:43)
	at java.base/java.lang.reflect.Method.invoke(Method.java:566)
	at org.gradle.internal.dispatch.ReflectionDispatch.dispatch(ReflectionDispatch.java:35)
	at org.gradle.internal.dispatch.ReflectionDispatch.dispatch(ReflectionDispatch.java:24)
	at org.gradle.internal.dispatch.ContextClassLoaderDispatch.dispatch(ContextClassLoaderDispatch.java:32)
	at org.gradle.internal.dispatch.ProxyDispatchAdapter$DispatchingInvocationHandler.invoke(ProxyDispatchAdapter.java:93)
	at com.sun.proxy.$Proxy2.processTestClass(Unknown Source)
	at org.gradle.api.internal.tasks.testing.worker.TestWorker.processTestClass(TestWorker.java:118)
	at java.base/jdk.internal.reflect.NativeMethodAccessorImpl.invoke0(Native Method)
	at java.base/jdk.internal.reflect.NativeMethodAccessorImpl.invoke(NativeMethodAccessorImpl.java:62)
	at java.base/jdk.internal.reflect.DelegatingMethodAccessorImpl.invoke(DelegatingMethodAccessorImpl.java:43)
	at java.base/java.lang.reflect.Method.invoke(Method.java:566)
	at org.gradle.internal.dispatch.ReflectionDispatch.dispatch(ReflectionDispatch.java:35)
	at org.gradle.internal.dispatch.ReflectionDispatch.dispatch(ReflectionDispatch.java:24)
	at org.gradle.internal.remote.internal.hub.MessageHubBackedObjectConnection$DispatchWrapper.dispatch(MessageHubBackedObjectConnection.java:175)
	at org.gradle.internal.remote.internal.hub.MessageHubBackedObjectConnection$DispatchWrapper.dispatch(MessageHubBackedObjectConnection.java:157)
	at org.gradle.internal.remote.internal.hub.MessageHub$Handler.run(MessageHub.java:404)
	at org.gradle.internal.concurrent.ExecutorPolicy$CatchAndRecordFailures.onExecute(ExecutorPolicy.java:63)
	at org.gradle.internal.concurrent.ManagedExecutorImpl$1.run(ManagedExecutorImpl.java:46)
	at java.base/java.util.concurrent.ThreadPoolExecutor.runWorker(ThreadPoolExecutor.java:1128)
	at java.base/java.util.concurrent.ThreadPoolExecutor$Worker.run(ThreadPoolExecutor.java:628)
	at org.gradle.internal.concurrent.ThreadFactoryImpl$ManagedThreadRunnable.run(ThreadFactoryImpl.java:55)
	at java.base/java.lang.Thread.run(Thread.java:834)
Caused by: org.openqa.selenium.NoSuchElementException: no such element: Unable to locate element: {&quot;method&quot;:&quot;css selector&quot;,&quot;selector&quot;:&quot;#city&quot;}
  (Session info: chrome=97.0.4692.71)
For documentation on this error, please visit: https://www.seleniumhq.org/exceptions/no_such_element.html
Build info: version: '3.141.59', revision: 'e82be7d358', time: '2018-11-14T08:17:03'
System info: host: 'DESKTOP-0T1GVF9', ip: '192.168.0.13', os.name: 'Windows 10', os.arch: 'amd64', os.version: '10.0', java.version: '11.0.4'
Driver info: org.openqa.selenium.chrome.ChromeDriver
Capabilities {acceptInsecureCerts: false, browserName: chrome, browserVersion: 97.0.4692.71, chrome: {chromedriverVersion: 97.0.4692.71 (adefa7837d02a..., userDataDir: C:\Users\CESAR\AppData\Loca...}, goog:chromeOptions: {debuggerAddress: localhost:54512}, javascriptEnabled: true, networkConnectionEnabled: false, pageLoadStrategy: normal, platform: WINDOWS, platformName: WINDOWS, proxy: Proxy(), setWindowRect: true, strictFileInteractability: false, timeouts: {implicit: 0, pageLoad: 300000, script: 30000}, unhandledPromptBehavior: dismiss and notify, webauthn:extension:credBlob: true, webauthn:extension:largeBlob: true, webauthn:virtualAuthenticators: true}
Session ID: 91058474a0403f0fb6607c1c1e91da5a
*** Element info: {Using=id, value=city}
	at java.base/jdk.internal.reflect.NativeConstructorAccessorImpl.newInstance0(Native Method)
	at java.base/jdk.internal.reflect.NativeConstructorAccessorImpl.newInstance(NativeConstructorAccessorImpl.java:62)
	at java.base/jdk.internal.reflect.DelegatingConstructorAccessorImpl.newInstance(DelegatingConstructorAccessorImpl.java:45)
	at java.base/java.lang.reflect.Constructor.newInstance(Constructor.java:490)
	at org.openqa.selenium.remote.http.W3CHttpResponseCodec.createException(W3CHttpResponseCodec.java:187)
	at org.openqa.selenium.remote.http.W3CHttpResponseCodec.decode(W3CHttpResponseCodec.java:122)
	at org.openqa.selenium.remote.http.W3CHttpResponseCodec.decode(W3CHttpResponseCodec.java:49)
	at org.openqa.selenium.remote.HttpCommandExecutor.execute(HttpCommandExecutor.java:158)
	at org.openqa.selenium.remote.service.DriverCommandExecutor.execute(DriverCommandExecutor.java:83)
	at org.openqa.selenium.remote.RemoteWebDriver.execute(RemoteWebDriver.java:552)
	at org.openqa.selenium.remote.RemoteWebDriver.findElement(RemoteWebDriver.java:323)
	at org.openqa.selenium.remote.RemoteWebDriver.findElementById(RemoteWebDriver.java:372)
	at org.openqa.selenium.By$ById.findElement(By.java:188)
	at org.openqa.selenium.remote.RemoteWebDriver.findElement(RemoteWebDriver.java:315)
	at net.thucydides.core.webdriver.WebDriverFacade.findElement(WebDriverFacade.java:222)
	at net.serenitybdd.core.pages.WebElementResolverByLocator.resolveForDriver(WebElementResolverByLocator.java:18)
	at net.serenitybdd.core.pages.WebElementFacadeImpl.getElement(WebElementFacadeImpl.java:221)
	at net.serenitybdd.core.pages.WebElementExpectations$3.apply(WebElementExpectations.java:63)
	at net.serenitybdd.core.pages.WebElementExpectations$3.apply(WebElementExpectations.java:55)
	at org.openqa.selenium.support.ui.FluentWait.until(FluentWait.java:249)
	... 98 more
</failure>
    <failure message="cucumber.runtime.junit.UndefinedThrowable: The step &quot;User sees her username created&quot; is undefined" type="cucumber.runtime.junit.UndefinedThrowable">cucumber.runtime.junit.UndefinedThrowable: The step &quot;User sees her username created&quot; is undefined
</failure>
  </testcase>
  <system-out><![CDATA[]]></system-out>
  <system-err><![CDATA[[Test worker] WARN net.thucydides.core.steps.BaseStepListener - stepStarted: net.thucydides.core.steps.ExecutedStepDescription@6125c4a7
[Test worker] WARN net.thucydides.core.steps.BaseStepListener - stepStarted: net.thucydides.core.steps.ExecutedStepDescription@77061b2c
[Test worker] WARN net.thucydides.core.steps.BaseStepListener - stepStarted: net.thucydides.core.steps.ExecutedStepDescription@bf16934
ene. 10, 2022 8:55:57 P. M. org.openqa.selenium.remote.DesiredCapabilities chrome
INFORMACIÓN: Using `new ChromeOptions()` is preferred to `DesiredCapabilities.chrome()`
[Test worker] INFO net.serenitybdd.core.webdriver.driverproviders.ProvideNewDriver - Instantiating driver
[Test worker] INFO net.serenitybdd.core.webdriver.driverproviders.ProvideNewDriver - Driver capabilities: Capabilities {acceptInsecureCerts: false, browserName: chrome, chrome.switches: --start-maximized, goog:chromeOptions: {args: [--start-maximized], extensions: []}, loggingPrefs: org.openqa.selenium.logging..., platform: ANY, version: }
Starting ChromeDriver 97.0.4692.71 (adefa7837d02a07a604c1e6eff0b3a09422ab88d-refs/branch-heads/4692@{#1247}) on port 30554
Only local connections are allowed.
Please see https://chromedriver.chromium.org/security-considerations for suggestions on keeping ChromeDriver safe.
ChromeDriver was started successfully.
ene. 10, 2022 8:56:01 P. M. org.openqa.selenium.remote.ProtocolHandshake createSession
INFORMACIÓN: Detected dialect: W3C
[Test worker] WARN net.thucydides.core.steps.BaseStepListener - stepFinished: current outcome:user created successfully:Example: {firtName=Cesar, lastName=Martinez, email=prueba12345@gmail.com, month=July, day=12, year=1997, password=Estaesunaprueba-123, confirmPassword=Estaesunaprueba-123} [Given user in the home page [Cesar open up [CESAR opens the Utest page]]]
[Test worker] WARN net.thucydides.core.steps.BaseStepListener - stepFinished: current outcome:user created successfully:Example: {firtName=Cesar, lastName=Martinez, email=prueba12345@gmail.com, month=July, day=12, year=1997, password=Estaesunaprueba-123, confirmPassword=Estaesunaprueba-123} [Given user in the home page [Cesar open up [CESAR opens the Utest page]]]
[Test worker] WARN net.thucydides.core.steps.BaseStepListener - stepFinished: current outcome:user created successfully:Example: {firtName=Cesar, lastName=Martinez, email=prueba12345@gmail.com, month=July, day=12, year=1997, password=Estaesunaprueba-123, confirmPassword=Estaesunaprueba-123} [Given user in the home page [Cesar open up [CESAR opens the Utest page]]]
[Test worker] WARN net.thucydides.core.steps.BaseStepListener - stepStarted: net.thucydides.core.steps.ExecutedStepDescription@5d4b3878
[Test worker] WARN net.thucydides.core.steps.BaseStepListener - stepStarted: net.thucydides.core.steps.ExecutedStepDescription@9a18e5f
[Test worker] WARN net.thucydides.core.steps.BaseStepListener - stepStarted: net.thucydides.core.steps.ExecutedStepDescription@5b681baf
[Test worker] WARN net.thucydides.core.steps.BaseStepListener - stepFinished: current outcome:user created successfully:Example: {firtName=Cesar, lastName=Martinez, email=prueba12345@gmail.com, month=July, day=12, year=1997, password=Estaesunaprueba-123, confirmPassword=Estaesunaprueba-123} [Given user in the home page [Cesar open up [CESAR opens the Utest page]], When user creates an account by filling in all the form data
| firtName | lastName | email | month | day | year | password | confirmPassword |
| Cesar | Martinez | prueba12345@gmail.com | July | 12 | 1997 | Estaesunaprueba-123 | Estaesunaprueba-123 | [Cesar register [CESAR clicks on Boton para registrarse]]]
[Test worker] WARN net.thucydides.core.steps.BaseStepListener - stepStarted: net.thucydides.core.steps.ExecutedStepDescription@7f36d22b
[Test worker] WARN net.thucydides.core.steps.BaseStepListener - stepFinished: current outcome:user created successfully:Example: {firtName=Cesar, lastName=Martinez, email=prueba12345@gmail.com, month=July, day=12, year=1997, password=Estaesunaprueba-123, confirmPassword=Estaesunaprueba-123} [Given user in the home page [Cesar open up [CESAR opens the Utest page]], When user creates an account by filling in all the form data
| firtName | lastName | email | month | day | year | password | confirmPassword |
| Cesar | Martinez | prueba12345@gmail.com | July | 12 | 1997 | Estaesunaprueba-123 | Estaesunaprueba-123 | [Cesar register [CESAR clicks on Boton para registrarse, CESAR enters 'Cesar' into first name]]]
[Test worker] WARN net.thucydides.core.steps.BaseStepListener - stepStarted: net.thucydides.core.steps.ExecutedStepDescription@9119010
[Test worker] WARN net.thucydides.core.steps.BaseStepListener - stepFinished: current outcome:user created successfully:Example: {firtName=Cesar, lastName=Martinez, email=prueba12345@gmail.com, month=July, day=12, year=1997, password=Estaesunaprueba-123, confirmPassword=Estaesunaprueba-123} [Given user in the home page [Cesar open up [CESAR opens the Utest page]], When user creates an account by filling in all the form data
| firtName | lastName | email | month | day | year | password | confirmPassword |
| Cesar | Martinez | prueba12345@gmail.com | July | 12 | 1997 | Estaesunaprueba-123 | Estaesunaprueba-123 | [Cesar register [CESAR clicks on Boton para registrarse, CESAR enters 'Cesar' into first name, CESAR enters 'Martinez' into last name]]]
[Test worker] WARN net.thucydides.core.steps.BaseStepListener - stepStarted: net.thucydides.core.steps.ExecutedStepDescription@c88282f
[Test worker] WARN net.thucydides.core.steps.BaseStepListener - stepFinished: current outcome:user created successfully:Example: {firtName=Cesar, lastName=Martinez, email=prueba12345@gmail.com, month=July, day=12, year=1997, password=Estaesunaprueba-123, confirmPassword=Estaesunaprueba-123} [Given user in the home page [Cesar open up [CESAR opens the Utest page]], When user creates an account by filling in all the form data
| firtName | lastName | email | month | day | year | password | confirmPassword |
| Cesar | Martinez | prueba12345@gmail.com | July | 12 | 1997 | Estaesunaprueba-123 | Estaesunaprueba-123 | [Cesar register [CESAR clicks on Boton para registrarse, CESAR enters 'Cesar' into first name, CESAR enters 'Martinez' into last name, CESAR enters 'prueba12345@gmail.com' into email]]]
[Test worker] WARN net.thucydides.core.steps.BaseStepListener - stepStarted: net.thucydides.core.steps.ExecutedStepDescription@5d1efee8
[Test worker] WARN net.thucydides.core.steps.BaseStepListener - stepFinished: current outcome:user created successfully:Example: {firtName=Cesar, lastName=Martinez, email=prueba12345@gmail.com, month=July, day=12, year=1997, password=Estaesunaprueba-123, confirmPassword=Estaesunaprueba-123} [Given user in the home page [Cesar open up [CESAR opens the Utest page]], When user creates an account by filling in all the form data
| firtName | lastName | email | month | day | year | password | confirmPassword |
| Cesar | Martinez | prueba12345@gmail.com | July | 12 | 1997 | Estaesunaprueba-123 | Estaesunaprueba-123 | [Cesar register [CESAR clicks on Boton para registrarse, CESAR enters 'Cesar' into first name, CESAR enters 'Martinez' into last name, CESAR enters 'prueba12345@gmail.com' into email, CESAR clicks on month]]]
[Test worker] WARN net.thucydides.core.steps.BaseStepListener - stepStarted: net.thucydides.core.steps.ExecutedStepDescription@13e2043a
[Test worker] WARN net.thucydides.core.steps.BaseStepListener - stepFinished: current outcome:user created successfully:Example: {firtName=Cesar, lastName=Martinez, email=prueba12345@gmail.com, month=July, day=12, year=1997, password=Estaesunaprueba-123, confirmPassword=Estaesunaprueba-123} [Given user in the home page [Cesar open up [CESAR opens the Utest page]], When user creates an account by filling in all the form data
| firtName | lastName | email | month | day | year | password | confirmPassword |
| Cesar | Martinez | prueba12345@gmail.com | July | 12 | 1997 | Estaesunaprueba-123 | Estaesunaprueba-123 | [Cesar register [CESAR clicks on Boton para registrarse, CESAR enters 'Cesar' into first name, CESAR enters 'Martinez' into last name, CESAR enters 'prueba12345@gmail.com' into email, CESAR clicks on month, CESAR clicks on //option[@label='July']]]]
[Test worker] WARN net.thucydides.core.steps.BaseStepListener - stepStarted: net.thucydides.core.steps.ExecutedStepDescription@5c29607
[Test worker] WARN net.thucydides.core.steps.BaseStepListener - stepFinished: current outcome:user created successfully:Example: {firtName=Cesar, lastName=Martinez, email=prueba12345@gmail.com, month=July, day=12, year=1997, password=Estaesunaprueba-123, confirmPassword=Estaesunaprueba-123} [Given user in the home page [Cesar open up [CESAR opens the Utest page]], When user creates an account by filling in all the form data
| firtName | lastName | email | month | day | year | password | confirmPassword |
| Cesar | Martinez | prueba12345@gmail.com | July | 12 | 1997 | Estaesunaprueba-123 | Estaesunaprueba-123 | [Cesar register [CESAR clicks on Boton para registrarse, CESAR enters 'Cesar' into first name, CESAR enters 'Martinez' into last name, CESAR enters 'prueba12345@gmail.com' into email, CESAR clicks on month, CESAR clicks on //option[@label='July'], CESAR clicks on day]]]
[Test worker] WARN net.thucydides.core.steps.BaseStepListener - stepStarted: net.thucydides.core.steps.ExecutedStepDescription@57a3c2f2
[Test worker] WARN net.thucydides.core.steps.BaseStepListener - stepFinished: current outcome:user created successfully:Example: {firtName=Cesar, lastName=Martinez, email=prueba12345@gmail.com, month=July, day=12, year=1997, password=Estaesunaprueba-123, confirmPassword=Estaesunaprueba-123} [Given user in the home page [Cesar open up [CESAR opens the Utest page]], When user creates an account by filling in all the form data
| firtName | lastName | email | month | day | year | password | confirmPassword |
| Cesar | Martinez | prueba12345@gmail.com | July | 12 | 1997 | Estaesunaprueba-123 | Estaesunaprueba-123 | [Cesar register [CESAR clicks on Boton para registrarse, CESAR enters 'Cesar' into first name, CESAR enters 'Martinez' into last name, CESAR enters 'prueba12345@gmail.com' into email, CESAR clicks on month, CESAR clicks on //option[@label='July'], CESAR clicks on day, CESAR clicks on //option[@label='12']]]]
[Test worker] WARN net.thucydides.core.steps.BaseStepListener - stepStarted: net.thucydides.core.steps.ExecutedStepDescription@a4be5a2
[Test worker] WARN net.thucydides.core.steps.BaseStepListener - stepFinished: current outcome:user created successfully:Example: {firtName=Cesar, lastName=Martinez, email=prueba12345@gmail.com, month=July, day=12, year=1997, password=Estaesunaprueba-123, confirmPassword=Estaesunaprueba-123} [Given user in the home page [Cesar open up [CESAR opens the Utest page]], When user creates an account by filling in all the form data
| firtName | lastName | email | month | day | year | password | confirmPassword |
| Cesar | Martinez | prueba12345@gmail.com | July | 12 | 1997 | Estaesunaprueba-123 | Estaesunaprueba-123 | [Cesar register [CESAR clicks on Boton para registrarse, CESAR enters 'Cesar' into first name, CESAR enters 'Martinez' into last name, CESAR enters 'prueba12345@gmail.com' into email, CESAR clicks on month, CESAR clicks on //option[@label='July'], CESAR clicks on day, CESAR clicks on //option[@label='12'], CESAR clicks on year]]]
[Test worker] WARN net.thucydides.core.steps.BaseStepListener - stepStarted: net.thucydides.core.steps.ExecutedStepDescription@8e2258c
[Test worker] WARN net.thucydides.core.steps.BaseStepListener - stepFinished: current outcome:user created successfully:Example: {firtName=Cesar, lastName=Martinez, email=prueba12345@gmail.com, month=July, day=12, year=1997, password=Estaesunaprueba-123, confirmPassword=Estaesunaprueba-123} [Given user in the home page [Cesar open up [CESAR opens the Utest page]], When user creates an account by filling in all the form data
| firtName | lastName | email | month | day | year | password | confirmPassword |
| Cesar | Martinez | prueba12345@gmail.com | July | 12 | 1997 | Estaesunaprueba-123 | Estaesunaprueba-123 | [Cesar register [CESAR clicks on Boton para registrarse, CESAR enters 'Cesar' into first name, CESAR enters 'Martinez' into last name, CESAR enters 'prueba12345@gmail.com' into email, CESAR clicks on month, CESAR clicks on //option[@label='July'], CESAR clicks on day, CESAR clicks on //option[@label='12'], CESAR clicks on year, CESAR clicks on //option[@label='1997']]]]
[Test worker] WARN net.thucydides.core.steps.BaseStepListener - stepStarted: net.thucydides.core.steps.ExecutedStepDescription@2fe9fa2
[Test worker] WARN net.thucydides.core.steps.BaseStepListener - stepFinished: current outcome:user created successfully:Example: {firtName=Cesar, lastName=Martinez, email=prueba12345@gmail.com, month=July, day=12, year=1997, password=Estaesunaprueba-123, confirmPassword=Estaesunaprueba-123} [Given user in the home page [Cesar open up [CESAR opens the Utest page]], When user creates an account by filling in all the form data
| firtName | lastName | email | month | day | year | password | confirmPassword |
| Cesar | Martinez | prueba12345@gmail.com | July | 12 | 1997 | Estaesunaprueba-123 | Estaesunaprueba-123 | [Cesar register [CESAR clicks on Boton para registrarse, CESAR enters 'Cesar' into first name, CESAR enters 'Martinez' into last name, CESAR enters 'prueba12345@gmail.com' into email, CESAR clicks on month, CESAR clicks on //option[@label='July'], CESAR clicks on day, CESAR clicks on //option[@label='12'], CESAR clicks on year, CESAR clicks on //option[@label='1997'], CESAR clicks on location button]]]
[Test worker] WARN net.thucydides.core.steps.BaseStepListener - stepStarted: net.thucydides.core.steps.ExecutedStepDescription@3177892d
[Test worker] WARN net.thucydides.core.steps.BaseStepListener - stepStarted: net.thucydides.core.steps.ExecutedStepDescription@4deafb4d
[Test worker] INFO net.thucydides.core.steps.ConsoleLoggingListener - TEST PENDING
[Test worker] WARN net.thucydides.core.steps.BaseStepListener - testFinished: user created successfully:Example: {firtName=Cesar, lastName=Martinez, email=prueba12345@gmail.com, month=July, day=12, year=1997, password=Estaesunaprueba-123, confirmPassword=Estaesunaprueba-123} [Given user in the home page [Cesar open up [CESAR opens the Utest page]], When user creates an account by filling in all the form data
| firtName | lastName | email | month | day | year | password | confirmPassword |
| Cesar | Martinez | prueba12345@gmail.com | July | 12 | 1997 | Estaesunaprueba-123 | Estaesunaprueba-123 | [Cesar register [CESAR clicks on Boton para registrarse, CESAR enters 'Cesar' into first name, CESAR enters 'Martinez' into last name, CESAR enters 'prueba12345@gmail.com' into email, CESAR clicks on month, CESAR clicks on //option[@label='July'], CESAR clicks on day, CESAR clicks on //option[@label='12'], CESAR clicks on year, CESAR clicks on //option[@label='1997'], CESAR clicks on location button, CESAR clicks on city]]], Then User sees her username created
[Test worker] WARN net.thucydides.core.steps.BaseStepListener - TestOutcomes: [user created successfully:Example: {firtName=Cesar, lastName=Martinez, email=prueba12345@gmail.com, month=July, day=12, year=1997, password=Estaesunaprueba-123, confirmPassword=Estaesunaprueba-123} [Given user in the home page [Cesar open up [CESAR opens the Utest page]], When user creates an account by filling in all the form data
| firtName | lastName | email | month | day | year | password | confirmPassword |
| Cesar | Martinez | prueba12345@gmail.com | July | 12 | 1997 | Estaesunaprueba-123 | Estaesunaprueba-123 | [Cesar register [CESAR clicks on Boton para registrarse, CESAR enters 'Cesar' into first name, CESAR enters 'Martinez' into last name, CESAR enters 'prueba12345@gmail.com' into email, CESAR clicks on month, CESAR clicks on //option[@label='July'], CESAR clicks on day, CESAR clicks on //option[@label='12'], CESAR clicks on year, CESAR clicks on //option[@label='1997'], CESAR clicks on location button, CESAR clicks on city]]], Then User sees her username created]
[Test worker] WARN net.thucydides.core.steps.BaseStepListener - Final testOutcomes: [user created successfully:Example: {firtName=Cesar, lastName=Martinez, email=prueba12345@gmail.com, month=July, day=12, year=1997, password=Estaesunaprueba-123, confirmPassword=Estaesunaprueba-123} [Given user in the home page [Cesar open up [CESAR opens the Utest page]], When user creates an account by filling in all the form data
| firtName | lastName | email | month | day | year | password | confirmPassword |
| Cesar | Martinez | prueba12345@gmail.com | July | 12 | 1997 | Estaesunaprueba-123 | Estaesunaprueba-123 | [Cesar register [CESAR clicks on Boton para registrarse, CESAR enters 'Cesar' into first name, CESAR enters 'Martinez' into last name, CESAR enters 'prueba12345@gmail.com' into email, CESAR clicks on month, CESAR clicks on //option[@label='July'], CESAR clicks on day, CESAR clicks on //option[@label='12'], CESAR clicks on year, CESAR clicks on //option[@label='1997'], CESAR clicks on location button, CESAR clicks on city]]], Then User sees her username created]
[Test worker] ERROR net.thucydides.core.steps.ConsoleLoggingListener - 
           __  _____ _____ ____ _____   _____ _    ___ _     _____ ____  
  _       / / |_   _| ____/ ___|_   _| |  ___/ \  |_ _| |   | ____|  _ \ 
 (_)_____| |    | | |  _| \___ \ | |   | |_ / _ \  | || |   |  _| | | | |
  _|_____| |    | | | |___ ___) || |   |  _/ ___ \ | || |___| |___| |_| |
 (_)     | |    |_| |_____|____/ |_|   |_|/_/   \_\___|_____|_____|____/ 
          \_\                                                            

TEST FAILED: user created successfully
--------------------------------------------------------------------------
[Test worker] ERROR net.thucydides.core.steps.ConsoleLoggingListener - TEST FAILED AT STEP CESAR clicks on city
[Test worker] ERROR net.thucydides.core.steps.ConsoleLoggingListener - Expected enabled element was not enabled
]]></system-err>
</testsuite>
