<?xml version="1.0" encoding="UTF-8"?><testsuite errors="0" failures="1" name="user of the Utest." skipped="0" tests="1" time="37.71" timestamp="2022-01-10 08:55:56"><testcase name="user created successfully"><failure message="Expected enabled element was not enabled" type="net.thucydides.core.webdriver.exceptions.ElementShouldBeEnabledException">Expected enabled element was not enabled</failure><system-err>Expected enabled element was not enabled&#13;
co.com.choucair.certification.proyectobase.tasks.Register.performAs(Register.java:43)&#13;
co.com.choucair.certification.proyectobase.stepdefinitions.UtestStepdefinitions.userCreatesAnAutomatizacionAccountByFillingInAllTheFormData(UtestStepdefinitions.java:33)&#13;
cucumber.runner.Runner.runPickle(Runner.java:80)&#13;
</system-err></testcase></testsuite>